#
# A fatal error has been detected by the Java Runtime Environment:
#
#  Internal Error (constantTag.cpp:59), pid=3784, tid=0x000000000000273c
#  Error: ShouldNotReachHere()
#
# JRE version: Java(TM) SE Runtime Environment (8.0_181-b13) (build 1.8.0_181-b13)
# Java VM: Java HotSpot(TM) 64-Bit Server VM (25.181-b13 mixed mode windows-amd64 compressed oops)
# Failed to write core dump. Minidumps are not enabled by default on client versions of Windows
#
# If you would like to submit a bug report, please visit:
#   http://bugreport.java.com/bugreport/crash.jsp
#

---------------  T H R E A D  ---------------

Current thread (0x000000001c459800):  VMThread [stack: 0x000000001e120000,0x000000001e220000] [id=10044]

Stack: [0x000000001e120000,0x000000001e220000]
[error occurred during error reporting (printing stack bounds), id 0xc0000005]

Native frames: (J=compiled Java code, j=interpreted, Vv=VM code, C=native code)

VM_Operation (0x000000001ec1ef40): GetOrSetLocal, mode: safepoint, requested by thread 0x000000001c468000


---------------  P R O C E S S  ---------------

Java Threads: ( => current thread )
  0x000000001e585800 JavaThread "Service Thread" daemon [_thread_blocked, id=2840, stack(0x000000001f220000,0x000000001f320000)]
  0x000000001e4ec000 JavaThread "C1 CompilerThread3" daemon [_thread_blocked, id=16376, stack(0x000000001f120000,0x000000001f220000)]
  0x000000001e4e3800 JavaThread "C2 CompilerThread2" daemon [_thread_blocked, id=13264, stack(0x000000001f020000,0x000000001f120000)]
  0x000000001e4eb000 JavaThread "C2 CompilerThread1" daemon [_thread_blocked, id=15912, stack(0x000000001ef20000,0x000000001f020000)]
  0x000000001e4e0800 JavaThread "C2 CompilerThread0" daemon [_thread_blocked, id=18160, stack(0x000000001ee20000,0x000000001ef20000)]
  0x000000001e366000 JavaThread "JDWP Command Reader" daemon [_thread_in_native, id=5752, stack(0x000000001ed20000,0x000000001ee20000)]
  0x000000001e362800 JavaThread "JDWP Event Helper Thread" daemon [_thread_blocked, id=9584, stack(0x000000001ec20000,0x000000001ed20000)]
  0x000000001c468000 JavaThread "JDWP Transport Listener: dt_socket" daemon [_thread_blocked, id=10288, stack(0x000000001eb20000,0x000000001ec20000)]
  0x000000001e354800 JavaThread "Attach Listener" daemon [_thread_blocked, id=20396, stack(0x000000001ea20000,0x000000001eb20000)]
  0x000000001e353000 JavaThread "Signal Dispatcher" daemon [_thread_blocked, id=15248, stack(0x000000001e920000,0x000000001ea20000)]
  0x000000001e341000 JavaThread "Finalizer" daemon [_thread_blocked, id=18844, stack(0x000000001e720000,0x000000001e820000)]
  0x00000000029ea000 JavaThread "Reference Handler" daemon [_thread_blocked, id=3356, stack(0x000000001e220000,0x000000001e320000)]
  0x00000000028f4800 JavaThread "main" [_thread_blocked, id=9860, stack(0x0000000002650000,0x0000000002750000)]

Other Threads:
=>0x000000001c459800 VMThread [stack: 0x000000001e120000,0x000000001e220000] [id=10044]
  0x000000001e5db800 WatcherThread [stack: 0x000000001f320000,0x000000001f420000] [id=8912]

VM state:at safepoint (normal execution)

VM Mutex/Monitor currently owned by a thread:  ([mutex/lock_event])
[0x00000000028f2050] Threads_lock - owner thread: 0x000000001c459800

Heap:
 PSYoungGen      total 76288K, used 36273K [0x000000076b400000, 0x0000000770900000, 0x00000007c0000000)
  eden space 65536K, 55% used [0x000000076b400000,0x000000076d76c538,0x000000076f400000)
  from space 10752K, 0% used [0x000000076fe80000,0x000000076fe80000,0x0000000770900000)
  to   space 10752K, 0% used [0x000000076f400000,0x000000076f400000,0x000000076fe80000)
 ParOldGen       total 175104K, used 0K [0x00000006c1c00000, 0x00000006cc700000, 0x000000076b400000)
  object space 175104K, 0% used [0x00000006c1c00000,0x00000006c1c00000,0x00000006cc700000)
 Metaspace       used 10264K, capacity 11068K, committed 11264K, reserved 1058816K
  class space    used 1340K, capacity 1514K, committed 1536K, reserved 1048576K

Card table byte_map: [0x0000000011db0000,0x00000000125b0000] byte_map_base: 0x000000000e7a2000

Marking Bits: (ParMarkBitMap*) 0x0000000064322d00
 Begin Bits: [0x0000000013300000, 0x0000000017290000)
 End Bits:   [0x0000000017290000, 0x000000001b220000)

Polling page: 0x0000000000a10000

CodeCache: size=245760Kb used=3767Kb max_used=3768Kb free=241992Kb
 bounds [0x00000000029f0000, 0x0000000002da0000, 0x00000000119f0000]
 total_blobs=1203 nmethods=915 adapters=209
 compilation: enabled

Compilation events (10 events):
Event: 1.671 Thread 0x000000001e4ec000  912       3       jdk.internal.org.objectweb.asm.MethodVisitor::visitFieldInsn (20 bytes)
Event: 1.671 Thread 0x000000001e4ec000 nmethod 912 0x0000000002d9c610 code [0x0000000002d9c780, 0x0000000002d9ca08]
Event: 1.671 Thread 0x000000001e4ec000  913       3       jdk.internal.org.objectweb.asm.AnnotationVisitor::<init> (35 bytes)
Event: 1.671 Thread 0x000000001e4ec000 nmethod 913 0x0000000002d9c010 code [0x0000000002d9c1a0, 0x0000000002d9c4c8]
Event: 1.671 Thread 0x000000001e4ec000  915       3       jdk.internal.org.objectweb.asm.AnnotationWriter::visitEnd (43 bytes)
Event: 1.671 Thread 0x000000001e4ec000 nmethod 915 0x0000000002d9bb90 code [0x0000000002d9bd00, 0x0000000002d9bef0]
Event: 1.671 Thread 0x000000001e4ec000  914       3       jdk.internal.org.objectweb.asm.Frame::pop (43 bytes)
Event: 1.672 Thread 0x000000001e4ec000 nmethod 914 0x0000000002d9b750 code [0x0000000002d9b8c0, 0x0000000002d9bab0]
Event: 1.672 Thread 0x000000001e4ec000  910   !   3       java.util.Collections$SynchronizedCollection::add (25 bytes)
Event: 1.672 Thread 0x000000001e4ec000 nmethod 910 0x0000000002d9b090 code [0x0000000002d9b200, 0x0000000002d9b5e8]

GC Heap History (0 events):
No events

Deoptimization events (0 events):
No events

Classes redefined (2 events):
Event: 1368.753 Thread 0x000000001c459800 redefined class name=com.codio.feature_usage_mod.controller.features.constructs.TryCatch, count=1
Event: 1526.871 Thread 0x000000001c459800 redefined class name=com.codio.feature_usage_mod.controller.features.constructs.TryCatch, count=2

Internal exceptions (10 events):
Event: 0.042 Thread 0x00000000028f4800 Exception <a 'java/lang/NoSuchMethodError': Method sun.misc.Unsafe.prefetchRead(Ljava/lang/Object;J)V name or signature does not match> (0x000000076b407f98) thrown at [C:\re\workspace\8-2-build-windows-amd64-cygwin\jdk8u181\11358\hotspot\src\share\vm\prim
Event: 0.249 Thread 0x00000000028f4800 Exception <a 'java/io/FileNotFoundException'> (0x000000076b7d5360) thrown at [C:\re\workspace\8-2-build-windows-amd64-cygwin\jdk8u181\11358\hotspot\src\share\vm\prims\jni.cpp, line 709]
Event: 0.267 Thread 0x00000000028f4800 Exception <a 'java/security/PrivilegedActionException'> (0x000000076b96ca20) thrown at [C:\re\workspace\8-2-build-windows-amd64-cygwin\jdk8u181\11358\hotspot\src\share\vm\prims\jvm.cpp, line 1435]
Event: 0.267 Thread 0x00000000028f4800 Exception <a 'java/security/PrivilegedActionException'> (0x000000076b96cc30) thrown at [C:\re\workspace\8-2-build-windows-amd64-cygwin\jdk8u181\11358\hotspot\src\share\vm\prims\jvm.cpp, line 1435]
Event: 0.267 Thread 0x00000000028f4800 Exception <a 'java/security/PrivilegedActionException'> (0x000000076b970b40) thrown at [C:\re\workspace\8-2-build-windows-amd64-cygwin\jdk8u181\11358\hotspot\src\share\vm\prims\jvm.cpp, line 1435]
Event: 0.267 Thread 0x00000000028f4800 Exception <a 'java/security/PrivilegedActionException'> (0x000000076b970d50) thrown at [C:\re\workspace\8-2-build-windows-amd64-cygwin\jdk8u181\11358\hotspot\src\share\vm\prims\jvm.cpp, line 1435]
Event: 0.511 Thread 0x00000000028f4800 Exception <a 'java/lang/NoSuchFieldError': method resolution failed> (0x000000076c22c068) thrown at [C:\re\workspace\8-2-build-windows-amd64-cygwin\jdk8u181\11358\hotspot\src\share\vm\prims\methodHandles.cpp, line 1167]
Event: 0.513 Thread 0x00000000028f4800 Exception <a 'java/lang/NoSuchFieldError': method resolution failed> (0x000000076c239ff8) thrown at [C:\re\workspace\8-2-build-windows-amd64-cygwin\jdk8u181\11358\hotspot\src\share\vm\prims\methodHandles.cpp, line 1167]
Event: 0.750 Thread 0x00000000028f4800 Exception <a 'java/lang/NoSuchMethodError': java.lang.Object.lambda$getBegin$0(Lcom/github/javaparser/Range;)Lcom/github/javaparser/Position;> (0x000000076d058790) thrown at [C:\re\workspace\8-2-build-windows-amd64-cygwin\jdk8u181\11358\hotspot\src\share\
Event: 0.766 Thread 0x00000000028f4800 Exception <a 'java/lang/NoSuchMethodError': java.lang.Object.lambda$getEnd$1(Lcom/github/javaparser/Range;)Lcom/github/javaparser/Position;> (0x000000076d0cda50) thrown at [C:\re\workspace\8-2-build-windows-amd64-cygwin\jdk8u181\11358\hotspot\src\share\vm

Events (10 events):
Event: 1526.972 Executing VM operation: GetOrSetLocal done
Event: 1526.974 Executing VM operation: GetOrSetLocal
Event: 1526.974 Executing VM operation: GetOrSetLocal done
Event: 1527.010 Executing VM operation: GetOrSetLocal
Event: 1527.010 Executing VM operation: GetOrSetLocal done
Event: 1527.011 Executing VM operation: GetOrSetLocal
Event: 1527.011 Executing VM operation: GetOrSetLocal done
Event: 1527.012 Executing VM operation: GetOrSetLocal
Event: 1527.012 Executing VM operation: GetOrSetLocal done
Event: 1527.017 Executing VM operation: GetOrSetLocal


Dynamic libraries:
0x00007ff7d3bf0000 - 0x00007ff7d3c27000 	C:\Program Files\Java\jdk1.8.0_181\bin\java.exe
0x00007ffe51960000 - 0x00007ffe51b50000 	C:\WINDOWS\SYSTEM32\ntdll.dll
0x00007ffe4fe00000 - 0x00007ffe4feb2000 	C:\WINDOWS\System32\KERNEL32.DLL
0x00007ffe4f430000 - 0x00007ffe4f6d3000 	C:\WINDOWS\System32\KERNELBASE.dll
0x00007ffe50470000 - 0x00007ffe50513000 	C:\WINDOWS\System32\ADVAPI32.dll
0x00007ffe4fd60000 - 0x00007ffe4fdfe000 	C:\WINDOWS\System32\msvcrt.dll
0x00007ffe4ff00000 - 0x00007ffe4ff97000 	C:\WINDOWS\System32\sechost.dll
0x00007ffe4fb60000 - 0x00007ffe4fc80000 	C:\WINDOWS\System32\RPCRT4.dll
0x00007ffe51620000 - 0x00007ffe517b4000 	C:\WINDOWS\System32\USER32.dll
0x00007ffe4f390000 - 0x00007ffe4f3b1000 	C:\WINDOWS\System32\win32u.dll
0x00007ffe4fed0000 - 0x00007ffe4fef6000 	C:\WINDOWS\System32\GDI32.dll
0x00007ffe4f6e0000 - 0x00007ffe4f874000 	C:\WINDOWS\System32\gdi32full.dll
0x00007ffe4e8f0000 - 0x00007ffe4e98e000 	C:\WINDOWS\System32\msvcp_win.dll
0x00007ffe4f910000 - 0x00007ffe4fa0a000 	C:\WINDOWS\System32\ucrtbase.dll
0x00007ffe3dd00000 - 0x00007ffe3df85000 	C:\WINDOWS\WinSxS\amd64_microsoft.windows.common-controls_6595b64144ccf1df_6.0.18362.476_none_e6c4b11b130f2595\COMCTL32.dll
0x00007ffe506d0000 - 0x00007ffe50a06000 	C:\WINDOWS\System32\combase.dll
0x00007ffe4e990000 - 0x00007ffe4ea10000 	C:\WINDOWS\System32\bcryptPrimitives.dll
0x00007ffe50a20000 - 0x00007ffe50a4e000 	C:\WINDOWS\System32\IMM32.DLL
0x0000000067700000 - 0x00000000677d2000 	C:\Program Files\Java\jdk1.8.0_181\jre\bin\msvcr100.dll
0x0000000063b00000 - 0x00000000643a2000 	C:\Program Files\Java\jdk1.8.0_181\jre\bin\server\jvm.dll
0x00007ffe51910000 - 0x00007ffe51918000 	C:\WINDOWS\System32\PSAPI.DLL
0x00007ffe4b090000 - 0x00007ffe4b0b4000 	C:\WINDOWS\SYSTEM32\WINMM.dll
0x00007ffe39090000 - 0x00007ffe39099000 	C:\WINDOWS\SYSTEM32\WSOCK32.dll
0x00007ffe496a0000 - 0x00007ffe496aa000 	C:\WINDOWS\SYSTEM32\VERSION.dll
0x00007ffe515b0000 - 0x00007ffe5161f000 	C:\WINDOWS\System32\WS2_32.dll
0x00007ffe4b060000 - 0x00007ffe4b08d000 	C:\WINDOWS\SYSTEM32\WINMMBASE.dll
0x00007ffe4f3e0000 - 0x00007ffe4f42a000 	C:\WINDOWS\System32\cfgmgr32.dll
0x00000000676f0000 - 0x00000000676ff000 	C:\Program Files\Java\jdk1.8.0_181\jre\bin\verify.dll
0x00000000676c0000 - 0x00000000676e9000 	C:\Program Files\Java\jdk1.8.0_181\jre\bin\java.dll
0x0000000067660000 - 0x0000000067695000 	C:\Program Files\Java\jdk1.8.0_181\jre\bin\jdwp.dll
0x0000000067650000 - 0x0000000067658000 	C:\Program Files\Java\jdk1.8.0_181\jre\bin\npt.dll
0x0000000067500000 - 0x0000000067523000 	C:\Program Files\Java\jdk1.8.0_181\jre\bin\instrument.dll
0x00000000676a0000 - 0x00000000676b6000 	C:\Program Files\Java\jdk1.8.0_181\jre\bin\zip.dll
0x00007ffe50ec0000 - 0x00007ffe515a5000 	C:\WINDOWS\System32\SHELL32.dll
0x00007ffe50e10000 - 0x00007ffe50eb9000 	C:\WINDOWS\System32\shcore.dll
0x00007ffe4eac0000 - 0x00007ffe4f23e000 	C:\WINDOWS\System32\windows.storage.dll
0x00007ffe4e8d0000 - 0x00007ffe4e8ef000 	C:\WINDOWS\System32\profapi.dll
0x00007ffe4e840000 - 0x00007ffe4e88a000 	C:\WINDOWS\System32\powrprof.dll
0x00007ffe4e830000 - 0x00007ffe4e840000 	C:\WINDOWS\System32\UMPDC.dll
0x00007ffe4fb00000 - 0x00007ffe4fb52000 	C:\WINDOWS\System32\shlwapi.dll
0x00007ffe4e8b0000 - 0x00007ffe4e8c1000 	C:\WINDOWS\System32\kernel.appcore.dll
0x00007ffe4f3c0000 - 0x00007ffe4f3d7000 	C:\WINDOWS\System32\cryptsp.dll
0x0000000067640000 - 0x0000000067649000 	C:\Program Files\Java\jdk1.8.0_181\jre\bin\dt_socket.dll
0x00007ffe4e0a0000 - 0x00007ffe4e107000 	C:\WINDOWS\system32\mswsock.dll

VM Arguments:
jvm_args: -agentlib:jdwp=transport=dt_socket,address=127.0.0.1:49623,suspend=y,server=n -ea -Didea.test.cyclic.buffer.size=1048576 -javaagent:C:\Users\Mohit\.IntelliJIdea2018.2\system\captureAgent\debugger-agent.jar=file:/C:/Users/Mohit/AppData/Local/Temp/capture.props -Dfile.encoding=UTF-8 
java_command: com.intellij.rt.execution.junit.JUnitStarter -ideVersion5 -junit4 FeatureUsageControllerTest,testForTryCatch
java_class_path (initial): C:\Program Files\JetBrains\IntelliJ IDEA 2018.2.3\lib\idea_rt.jar;C:\Program Files\JetBrains\IntelliJ IDEA 2018.2.3\plugins\junit\lib\junit-rt.jar;C:\Program Files\JetBrains\IntelliJ IDEA 2018.2.3\plugins\junit\lib\junit5-rt.jar;C:\Program Files\Java\jdk1.8.0_181\jre\lib\charsets.jar;C:\Program Files\Java\jdk1.8.0_181\jre\lib\deploy.jar;C:\Program Files\Java\jdk1.8.0_181\jre\lib\ext\access-bridge-64.jar;C:\Program Files\Java\jdk1.8.0_181\jre\lib\ext\cldrdata.jar;C:\Program Files\Java\jdk1.8.0_181\jre\lib\ext\dnsns.jar;C:\Program Files\Java\jdk1.8.0_181\jre\lib\ext\jaccess.jar;C:\Program Files\Java\jdk1.8.0_181\jre\lib\ext\jfxrt.jar;C:\Program Files\Java\jdk1.8.0_181\jre\lib\ext\localedata.jar;C:\Program Files\Java\jdk1.8.0_181\jre\lib\ext\nashorn.jar;C:\Program Files\Java\jdk1.8.0_181\jre\lib\ext\sunec.jar;C:\Program Files\Java\jdk1.8.0_181\jre\lib\ext\sunjce_provider.jar;C:\Program Files\Java\jdk1.8.0_181\jre\lib\ext\sunmscapi.jar;C:\Program Files\Java\jdk1.8.0_181\jre\lib\ext\sunpkcs11.jar;C:\Program Files\Java\jdk1.8.0_181\jre\lib\ext\zipfs.jar;C:\Program Files\Java\jdk1.8.0_181\jre\lib\javaws.jar;C:\Program Files\Java\jdk1.8.0_181\jre\lib\jce.jar;C:\Program Files\Java\jdk1.8.0_181\jre\lib\jfr.jar;C:\Program Files\Java\jdk1.8.0_181\jre\lib\jfxswt.jar;C:\Program Files\Java\jdk1.8.0_181\jre\lib\jsse.jar;C:\Program Files\Java\jdk1.8.0_181\jre\lib\management-agent.jar;C:\Program Files\Java\jdk1.8.0_181\jre\lib\plugin.jar;C:\Program Files\Java\jdk1.8.0_181\jre\lib\resources.jar;C:\Program Files\Java\jdk1.8.0_181\jre\lib\rt.jar;C:\Users\Mohit\Documents\Codio\PROJECTS\IntelliJ Projects\FeatureUsageModule\target\test-classes;C:\Users\Mohit\Documents\Codio\PROJECTS\IntelliJ Projects\FeatureUsageModule\target\classes;C:\Users\Mohit\.m2\repository\com\github\javaparser\javaparser-symbol-solver-core\3.14.5\javaparser-symbol-solver-core-3.14.5.jar;C:\Users\Mohit\.m2\repository\com\github\javaparser\javaparser-symbol-solver-logic\3.14.5\javaparser-
Launcher Type: SUN_STANDARD

Environment Variables:
JAVA_HOME=C:\Program Files\Java\jdk-12.0.2
PATH=C:\Program Files\Java\jdk-12.0.2\bin;C:\Program Files (x86)\Common Files\Oracle\Java\javapath;C:\ProgramData\Oracle\Java\javapath;C:\Program Files (x86)\Intel\iCLS Client\;C:\Program Files\Intel\iCLS Client\;C:\windows\system32;C:\windows;C:\windows\System32\Wbem;C:\windows\System32\WindowsPowerShell\v1.0\;C:\Program Files (x86)\Intel\Intel(R) Management Engine Components\DAL;C:\Program Files\Intel\Intel(R) Management Engine Components\DAL;C:\Program Files (x86)\Intel\Intel(R) Management Engine Components\IPT;C:\Program Files\Intel\Intel(R) Management Engine Components\IPT;C:\Program Files (x86)\NVIDIA Corporation\PhysX\Common;C:\WINDOWS\system32;C:\WINDOWS;C:\WINDOWS\System32\Wbem;C:\WINDOWS\System32\WindowsPowerShell\v1.0\;C:\Program Files\MATLAB\R2018b\bin;C:\Program Files\MATLAB\R2018a\bin;C:\Program Files\MATLAB\R2017b\bin;C:\Program Files\nodejs\;C:\Program Files\PuTTY\;C:\WINDOWS\System32\OpenSSH\;C:\Program Files\Git\cmd;C:\Program Files\Intel\WiFi\bin\;C:\Program Files\Common Files\Intel\WirelessCommon\;C:\Users\Mohit\Documents\Codio\pmd-bin-6.17.0\bin;C:\Users\Mohit\Documents\Codio\Libraries\apache-maven-3.6.2-bin\apache-maven-3.6.2\bin;C:\Users\Mohit\Anaconda3;C:\Users\Mohit\Anaconda3\scripts;C:\Users\Mohit\Anaconda3\Library\bin;;C:\Strawberry\perl\bin;C:\Strawberry\perl\site\bin;C:\Strawberry\c\bin;C:\Program Files\MySQL\MySQL Shell 8.0\bin\;C:\Users\Mohit\AppData\Local\Microsoft\WindowsApps;;C:\Program Files\JetBrains\PyCharm 2019.2.3\bin;
USERNAME=Mohit
OS=Windows_NT
PROCESSOR_IDENTIFIER=Intel64 Family 6 Model 142 Stepping 10, GenuineIntel



---------------  S Y S T E M  ---------------

OS: Windows 10.0 , 64 bit Build 18362 (10.0.18362.329)

CPU:total 8 (initial active 8) (4 cores per cpu, 2 threads per core) family 6 model 142 stepping 10, cmov, cx8, fxsr, mmx, sse, sse2, sse3, ssse3, sse4.1, sse4.2, popcnt, avx, avx2, aes, clmul, erms, 3dnowpref, lzcnt, ht, tsc, tscinvbit, bmi1, bmi2, adx

Memory: 4k page, physical 16656892k(10127344k free), swap 19147260k(9096608k free)

vm_info: Java HotSpot(TM) 64-Bit Server VM (25.181-b13) for windows-amd64 JRE (1.8.0_181-b13), built on Jul  7 2018 04:01:33 by "java_re" with MS VC++ 10.0 (VS2010)

time: Thu Dec 05 16:04:51 2019
elapsed time: 1527 seconds (0d 0h 25m 27s)

